2025-03-06 04:27:41 [main] INFO  org.tree.webserver.ServerRunner - Starting HTTP server on port 8080
2025-03-06 04:34:48 [main] INFO  org.tree.webserver.HttpServer - Starting HTTP server on port 8080
2025-03-06 04:34:58 [main] INFO  org.tree.webserver.handler.ClientHandler - New connection established
2025-03-06 04:35:37 [main] INFO  org.tree.webserver.handler.ClientHandler - New connection established
2025-03-06 04:35:44 [main] INFO  org.tree.webserver.HttpServer - Starting HTTP server on port 8080
2025-03-06 04:35:51 [main] INFO  org.tree.webserver.handler.ClientHandler - New connection established
2025-03-06 04:36:08 [main] INFO  org.tree.webserver.handler.ClientHandler - New connection established
2025-03-06 04:36:08 [main] INFO  org.tree.webserver.handler.ClientHandler - New connection established
2025-03-06 04:36:10 [main] INFO  org.tree.webserver.HttpServer - Starting HTTP server on port 8080
2025-03-06 04:36:14 [main] INFO  org.tree.webserver.handler.ClientHandler - New connection established
2025-03-06 04:36:37 [main] INFO  org.tree.webserver.handler.ClientHandler - New connection established
2025-03-06 04:36:46 [main] INFO  org.tree.webserver.handler.ClientHandler - New connection established
2025-03-06 04:36:49 [main] INFO  org.tree.webserver.handler.ClientHandler - New connection established
2025-03-06 04:37:33 [main] INFO  org.tree.webserver.HttpServer - Starting HTTP server on port 8080
2025-03-06 04:37:43 [main] INFO  org.tree.webserver.handler.ClientHandler - New connection established
2025-03-06 04:37:43 [main] INFO  org.tree.webserver.handler.ClientHandler - New connection established
2025-03-06 06:03:16 [main] INFO  org.tree.webserver.HttpServer - Accepting client connections...
2025-03-06 06:03:39 [main] INFO  org.tree.webserver.HttpServer - Accepting client connections...
2025-03-06 06:03:39 [main] INFO  org.tree.webserver.handler.ClientHandler - New connection established
2025-03-06 06:04:07 [main] INFO  org.tree.webserver.handler.RequestHandler - New connection established
2025-03-06 06:04:07 [main] ERROR org.tree.webserver.handler.RequestHandler - java.net.SocketException: Socket is closed
2025-03-06 06:04:07 [main] INFO  org.tree.webserver.HttpServer - Accepting client connections...
2025-03-06 06:04:07 [main] INFO  org.tree.webserver.handler.ClientHandler - New connection established
2025-03-06 06:04:11 [main] INFO  org.tree.webserver.handler.RequestHandler - New connection established
2025-03-06 06:04:11 [main] ERROR org.tree.webserver.handler.RequestHandler - java.net.SocketException: Socket is closed
2025-03-06 06:04:12 [main] INFO  org.tree.webserver.HttpServer - Accepting client connections...
2025-03-06 06:04:12 [main] INFO  org.tree.webserver.handler.ClientHandler - New connection established
2025-03-06 06:04:12 [main] INFO  org.tree.webserver.handler.RequestHandler - New connection established
2025-03-06 06:04:12 [main] ERROR org.tree.webserver.handler.RequestHandler - java.net.SocketException: Socket is closed
2025-03-06 06:04:12 [main] INFO  org.tree.webserver.HttpServer - Accepting client connections...
2025-03-06 06:04:12 [main] INFO  org.tree.webserver.handler.ClientHandler - New connection established
2025-03-06 06:04:13 [main] INFO  org.tree.webserver.handler.RequestHandler - New connection established
2025-03-06 06:04:13 [main] ERROR org.tree.webserver.handler.RequestHandler - java.net.SocketException: Socket is closed
2025-03-06 06:04:17 [main] INFO  org.tree.webserver.HttpServer - Accepting client connections...
2025-03-06 06:04:17 [main] INFO  org.tree.webserver.handler.ClientHandler - New connection established
2025-03-06 06:04:17 [main] INFO  org.tree.webserver.handler.RequestHandler - New connection established
2025-03-06 06:04:17 [main] ERROR org.tree.webserver.handler.RequestHandler - java.net.SocketException: Socket is closed
2025-03-06 06:04:17 [main] INFO  org.tree.webserver.HttpServer - Accepting client connections...
2025-03-06 06:04:17 [main] INFO  org.tree.webserver.handler.ClientHandler - New connection established
2025-03-06 06:04:46 [main] INFO  org.tree.webserver.HttpServer - Accepting client connections...
2025-03-06 06:04:46 [main] INFO  org.tree.webserver.handler.ClientHandler - New connection established
2025-03-06 06:04:46 [main] INFO  org.tree.webserver.handler.RequestHandler - New connection established
2025-03-06 06:04:46 [main] ERROR org.tree.webserver.handler.RequestHandler - java.net.SocketException: Socket is closed
2025-03-06 06:04:46 [main] INFO  org.tree.webserver.HttpServer - Accepting client connections...
2025-03-06 06:04:46 [main] INFO  org.tree.webserver.handler.ClientHandler - New connection established
2025-03-06 06:04:47 [main] INFO  org.tree.webserver.handler.RequestHandler - New connection established
2025-03-06 06:04:47 [main] ERROR org.tree.webserver.handler.RequestHandler - java.net.SocketException: Socket is closed
2025-03-06 06:04:47 [main] INFO  org.tree.webserver.HttpServer - Accepting client connections...
2025-03-06 06:04:47 [main] INFO  org.tree.webserver.handler.ClientHandler - New connection established
2025-03-06 06:04:47 [main] INFO  org.tree.webserver.handler.RequestHandler - New connection established
2025-03-06 06:04:47 [main] ERROR org.tree.webserver.handler.RequestHandler - java.net.SocketException: Socket is closed
2025-03-06 06:04:47 [main] INFO  org.tree.webserver.HttpServer - Accepting client connections...
2025-03-06 06:04:47 [main] INFO  org.tree.webserver.handler.ClientHandler - New connection established
2025-03-06 06:04:47 [main] INFO  org.tree.webserver.handler.RequestHandler - New connection established
2025-03-06 06:04:47 [main] ERROR org.tree.webserver.handler.RequestHandler - java.net.SocketException: Socket is closed
2025-03-06 06:04:52 [main] INFO  org.tree.webserver.HttpServer - Accepting client connections...
2025-03-06 06:04:52 [main] INFO  org.tree.webserver.handler.ClientHandler - New connection established
2025-03-06 06:04:52 [main] INFO  org.tree.webserver.handler.RequestHandler - New connection established
2025-03-06 06:04:52 [main] ERROR org.tree.webserver.handler.RequestHandler - java.net.SocketException: Socket is closed
2025-03-06 06:04:52 [main] INFO  org.tree.webserver.HttpServer - Accepting client connections...
2025-03-06 06:04:52 [main] INFO  org.tree.webserver.handler.ClientHandler - New connection established
2025-03-06 06:06:53 [main] INFO  org.tree.webserver.HttpServer - Accepting client connections...
2025-03-06 06:06:55 [main] INFO  org.tree.webserver.handler.ClientHandler - New connection established
2025-03-06 06:07:06 [main] INFO  org.tree.webserver.handler.RequestHandler - New connection established
2025-03-06 06:07:15 [main] ERROR org.tree.webserver.handler.RequestHandler - java.net.SocketException: Socket is closed
2025-03-06 06:07:36 [main] INFO  org.tree.webserver.HttpServer - Accepting client connections...
2025-03-06 06:07:36 [main] INFO  org.tree.webserver.handler.ClientHandler - New connection established
2025-03-06 06:07:36 [main] INFO  org.tree.webserver.handler.RequestHandler - New connection established
2025-03-06 06:07:36 [main] ERROR org.tree.webserver.handler.RequestHandler - java.net.SocketException: Socket is closed
2025-03-06 06:07:47 [main] ERROR org.tree.webserver.handler.RequestHandler - java.net.SocketException: Socket is closed
2025-03-06 06:07:48 [main] ERROR org.tree.webserver.handler.RequestHandler - java.net.SocketException: Socket is closed
2025-03-06 06:07:53 [main] ERROR org.tree.webserver.handler.RequestHandler - java.net.SocketException: Socket is closed
2025-03-06 06:08:36 [main] ERROR org.tree.webserver.handler.RequestHandler - java.net.SocketException: Socket is closed
2025-03-07 04:32:27 [main] ERROR org.tree.webserver.handler.RequestHandler - java.net.SocketException: Socket is closed
2025-03-07 04:32:27 [main] ERROR org.tree.webserver.handler.RequestHandler - java.net.SocketException: Socket is closed
